<?xml version="1.0" encoding="UTF-8"?>
<testng-results skipped="0" failed="1" ignored="0" total="8" passed="7">
  <reporter-output>
  </reporter-output>
  <suite name="Default suite" duration-ms="106679" started-at="2019-12-20T10:48:22Z" finished-at="2019-12-20T10:50:09Z">
    <groups>
    </groups>
    <test name="Default test" duration-ms="106679" started-at="2019-12-20T10:48:22Z" finished-at="2019-12-20T10:50:09Z">
      <class name="packg.Login">
        <test-method status="PASS" signature="beforeExec()[pri:0, instance:packg.Login@1081592]" name="beforeExec" is-config="true" duration-ms="4530" started-at="2019-12-20T10:48:22Z" finished-at="2019-12-20T10:48:27Z">
          <reporter-output>
          </reporter-output>
        </test-method> <!-- beforeExec -->
        <test-method status="PASS" signature="Tc1_1()[pri:0, instance:packg.Login@1081592]" name="Tc1_1" duration-ms="4501" started-at="2019-12-20T10:48:27Z" finished-at="2019-12-20T10:48:31Z">
          <reporter-output>
          </reporter-output>
        </test-method> <!-- Tc1_1 -->
        <test-method status="PASS" signature="AfterExec()[pri:0, instance:packg.Login@1081592]" name="AfterExec" is-config="true" duration-ms="562" started-at="2019-12-20T10:48:31Z" finished-at="2019-12-20T10:48:32Z">
          <reporter-output>
          </reporter-output>
        </test-method> <!-- AfterExec -->
        <test-method status="PASS" signature="beforeExec()[pri:0, instance:packg.Login@1081592]" name="beforeExec" is-config="true" duration-ms="4632" started-at="2019-12-20T10:48:32Z" finished-at="2019-12-20T10:48:37Z">
          <reporter-output>
          </reporter-output>
        </test-method> <!-- beforeExec -->
        <test-method status="PASS" signature="TC_8()[pri:1, instance:packg.Login@1081592]" name="TC_8" duration-ms="10566" started-at="2019-12-20T10:48:37Z" depends-on-methods="packg.Login.Tc1_1" finished-at="2019-12-20T10:48:47Z">
          <reporter-output>
          </reporter-output>
        </test-method> <!-- TC_8 -->
        <test-method status="PASS" signature="AfterExec()[pri:0, instance:packg.Login@1081592]" name="AfterExec" is-config="true" duration-ms="0" started-at="2019-12-20T10:48:47Z" finished-at="2019-12-20T10:48:47Z">
          <reporter-output>
          </reporter-output>
        </test-method> <!-- AfterExec -->
        <test-method status="PASS" signature="beforeExec()[pri:0, instance:packg.Login@1081592]" name="beforeExec" is-config="true" duration-ms="3015" started-at="2019-12-20T10:48:47Z" finished-at="2019-12-20T10:48:50Z">
          <reporter-output>
          </reporter-output>
        </test-method> <!-- beforeExec -->
        <test-method status="PASS" signature="Tc1_2()[pri:1, instance:packg.Login@1081592]" name="Tc1_2" duration-ms="8623" started-at="2019-12-20T10:48:50Z" depends-on-methods="packg.Login.Tc1_1" finished-at="2019-12-20T10:48:59Z">
          <reporter-output>
          </reporter-output>
        </test-method> <!-- Tc1_2 -->
        <test-method status="PASS" signature="AfterExec()[pri:0, instance:packg.Login@1081592]" name="AfterExec" is-config="true" duration-ms="546" started-at="2019-12-20T10:48:59Z" finished-at="2019-12-20T10:48:59Z">
          <reporter-output>
          </reporter-output>
        </test-method> <!-- AfterExec -->
        <test-method status="PASS" signature="beforeExec()[pri:0, instance:packg.Login@1081592]" name="beforeExec" is-config="true" duration-ms="3012" started-at="2019-12-20T10:48:59Z" finished-at="2019-12-20T10:49:02Z">
          <reporter-output>
          </reporter-output>
        </test-method> <!-- beforeExec -->
        <test-method status="PASS" signature="Tc1_3()[pri:1, instance:packg.Login@1081592]" name="Tc1_3" duration-ms="8581" started-at="2019-12-20T10:49:02Z" depends-on-methods="packg.Login.Tc1_1" finished-at="2019-12-20T10:49:11Z">
          <reporter-output>
          </reporter-output>
        </test-method> <!-- Tc1_3 -->
        <test-method status="PASS" signature="AfterExec()[pri:0, instance:packg.Login@1081592]" name="AfterExec" is-config="true" duration-ms="546" started-at="2019-12-20T10:49:11Z" finished-at="2019-12-20T10:49:11Z">
          <reporter-output>
          </reporter-output>
        </test-method> <!-- AfterExec -->
        <test-method status="PASS" signature="beforeExec()[pri:0, instance:packg.Login@1081592]" name="beforeExec" is-config="true" duration-ms="3073" started-at="2019-12-20T10:49:11Z" finished-at="2019-12-20T10:49:14Z">
          <reporter-output>
          </reporter-output>
        </test-method> <!-- beforeExec -->
        <test-method status="FAIL" signature="Tc1_4()[pri:1, instance:packg.Login@1081592]" name="Tc1_4" duration-ms="6212" started-at="2019-12-20T10:49:14Z" depends-on-methods="packg.Login.Tc1_1" finished-at="2019-12-20T10:49:21Z">
          <exception class="java.lang.AssertionError">
            <message>
              <![CDATA[expected [User Name and Password not given!] but found [User Name not given!]]]>
            </message>
            <full-stacktrace>
              <![CDATA[java.lang.AssertionError: expected [User Name and Password not given!] but found [User Name not given!]
at org.testng.Assert.fail(Assert.java:96)
at org.testng.Assert.failNotEquals(Assert.java:776)
at org.testng.Assert.assertEqualsImpl(Assert.java:137)
at org.testng.Assert.assertEquals(Assert.java:118)
at org.testng.Assert.assertEquals(Assert.java:453)
at org.testng.Assert.assertEquals(Assert.java:463)
at packg.Login.Tc1_4(Login.java:79)
at sun.reflect.NativeMethodAccessorImpl.invoke0(Native Method)
at sun.reflect.NativeMethodAccessorImpl.invoke(Unknown Source)
at sun.reflect.DelegatingMethodAccessorImpl.invoke(Unknown Source)
at java.lang.reflect.Method.invoke(Unknown Source)
at org.testng.internal.MethodInvocationHelper.invokeMethod(MethodInvocationHelper.java:124)
at org.testng.internal.Invoker.invokeMethod(Invoker.java:583)
at org.testng.internal.Invoker.invokeTestMethod(Invoker.java:719)
at org.testng.internal.Invoker.invokeTestMethods(Invoker.java:989)
at org.testng.internal.TestMethodWorker.invokeTestMethods(TestMethodWorker.java:125)
at org.testng.internal.TestMethodWorker.run(TestMethodWorker.java:109)
at org.testng.TestRunner.privateRun(TestRunner.java:648)
at org.testng.TestRunner.run(TestRunner.java:505)
at org.testng.SuiteRunner.runTest(SuiteRunner.java:455)
at org.testng.SuiteRunner.runSequentially(SuiteRunner.java:450)
at org.testng.SuiteRunner.privateRun(SuiteRunner.java:415)
at org.testng.SuiteRunner.run(SuiteRunner.java:364)
at org.testng.SuiteRunnerWorker.runSuite(SuiteRunnerWorker.java:52)
at org.testng.SuiteRunnerWorker.run(SuiteRunnerWorker.java:84)
at org.testng.TestNG.runSuitesSequentially(TestNG.java:1208)
at org.testng.TestNG.runSuitesLocally(TestNG.java:1137)
at org.testng.TestNG.runSuites(TestNG.java:1049)
at org.testng.TestNG.run(TestNG.java:1017)
at org.testng.remote.AbstractRemoteTestNG.run(AbstractRemoteTestNG.java:114)
at org.testng.remote.RemoteTestNG.initAndRun(RemoteTestNG.java:251)
at org.testng.remote.RemoteTestNG.main(RemoteTestNG.java:77)
]]>
            </full-stacktrace>
          </exception> <!-- java.lang.AssertionError -->
          <reporter-output>
          </reporter-output>
        </test-method> <!-- Tc1_4 -->
        <test-method status="PASS" signature="AfterExec()[pri:0, instance:packg.Login@1081592]" name="AfterExec" is-config="true" duration-ms="616" started-at="2019-12-20T10:49:21Z" finished-at="2019-12-20T10:49:21Z">
          <reporter-output>
          </reporter-output>
        </test-method> <!-- AfterExec -->
        <test-method status="PASS" signature="beforeExec()[pri:0, instance:packg.Login@1081592]" name="beforeExec" is-config="true" duration-ms="2948" started-at="2019-12-20T10:49:21Z" finished-at="2019-12-20T10:49:24Z">
          <reporter-output>
          </reporter-output>
        </test-method> <!-- beforeExec -->
        <test-method status="PASS" signature="Tc1_5()[pri:1, instance:packg.Login@1081592]" name="Tc1_5" duration-ms="10400" started-at="2019-12-20T10:49:24Z" depends-on-methods="packg.Login.Tc1_1" finished-at="2019-12-20T10:49:35Z">
          <reporter-output>
          </reporter-output>
        </test-method> <!-- Tc1_5 -->
        <test-method status="PASS" signature="AfterExec()[pri:0, instance:packg.Login@1081592]" name="AfterExec" is-config="true" duration-ms="577" started-at="2019-12-20T10:49:35Z" finished-at="2019-12-20T10:49:35Z">
          <reporter-output>
          </reporter-output>
        </test-method> <!-- AfterExec -->
        <test-method status="PASS" signature="beforeExec()[pri:0, instance:packg.Login@1081592]" name="beforeExec" is-config="true" duration-ms="3032" started-at="2019-12-20T10:49:35Z" finished-at="2019-12-20T10:49:38Z">
          <reporter-output>
          </reporter-output>
        </test-method> <!-- beforeExec -->
        <test-method status="PASS" signature="Tc1_6()[pri:1, instance:packg.Login@1081592]" name="Tc1_6" duration-ms="12383" started-at="2019-12-20T10:49:38Z" depends-on-methods="packg.Login.Tc1_1" finished-at="2019-12-20T10:49:51Z">
          <reporter-output>
          </reporter-output>
        </test-method> <!-- Tc1_6 -->
        <test-method status="PASS" signature="AfterExec()[pri:0, instance:packg.Login@1081592]" name="AfterExec" is-config="true" duration-ms="562" started-at="2019-12-20T10:49:51Z" finished-at="2019-12-20T10:49:51Z">
          <reporter-output>
          </reporter-output>
        </test-method> <!-- AfterExec -->
        <test-method status="PASS" signature="beforeExec()[pri:0, instance:packg.Login@1081592]" name="beforeExec" is-config="true" duration-ms="4785" started-at="2019-12-20T10:49:51Z" finished-at="2019-12-20T10:49:56Z">
          <reporter-output>
          </reporter-output>
        </test-method> <!-- beforeExec -->
        <test-method status="PASS" signature="Tc1_7()[pri:1, instance:packg.Login@1081592]" name="Tc1_7" duration-ms="12384" started-at="2019-12-20T10:49:56Z" depends-on-methods="packg.Login.Tc1_1" finished-at="2019-12-20T10:50:08Z">
          <reporter-output>
          </reporter-output>
        </test-method> <!-- Tc1_7 -->
        <test-method status="PASS" signature="AfterExec()[pri:0, instance:packg.Login@1081592]" name="AfterExec" is-config="true" duration-ms="546" started-at="2019-12-20T10:50:08Z" finished-at="2019-12-20T10:50:09Z">
          <reporter-output>
          </reporter-output>
        </test-method> <!-- AfterExec -->
      </class> <!-- packg.Login -->
    </test> <!-- Default test -->
  </suite> <!-- Default suite -->
</testng-results>
